2022.11.19 22:17:42 INFO  tracing is disabled for protocol LSP, to enable tracing of incoming and outgoing JSON messages create an empty file at /home/dejafu/github/functional-dojo/scala/.metals/lsp.trace.json or /home/dejafu/.cache/metals/lsp.trace.json[0m
2022.11.19 22:17:43 INFO  logging to file /home/dejafu/github/functional-dojo/scala/.metals/metals.log[0m
2022.11.19 22:17:43 INFO  Started: Metals version 0.11.9 in workspace '/home/dejafu/github/functional-dojo/scala' for client Visual Studio Code 1.73.1.[0m
2022.11.19 22:17:44 INFO  time: initialize in 1.61s[0m
2022.11.19 22:17:45 WARN  Build server is not auto-connectable.[0m
2022.11.19 22:17:45 WARN  no build tool detected in workspace '/home/dejafu/github/functional-dojo/scala'. The most common cause for this problem is that the editor was opened in the wrong working directory, for example if you use sbt then the workspace directory should contain build.sbt. [0m
Nov 19, 2022 10:18:46 PM org.eclipse.lsp4j.jsonrpc.services.GenericEndpoint notify
INFO: Unsupported notification method: $/setTrace
2022.11.19 22:19:18 INFO  [0m
2022.11.19 22:19:18 INFO  Template applied in /home/dejafu/github/functional-dojo/scala/./scala3[0m
2022.11.19 22:19:18 INFO  [0m
2022.11.19 22:19:18 INFO  time: ran 'giter8.Giter8' in 5.59s[0m
2022.11.19 22:19:24 INFO  shutting down Metals[0m
2022.11.20 00:59:28 INFO  tracing is disabled for protocol LSP, to enable tracing of incoming and outgoing JSON messages create an empty file at /home/dejafu/github/functional-dojo/scala/.metals/lsp.trace.json or /home/dejafu/.cache/metals/lsp.trace.json[0m
2022.11.20 00:59:28 INFO  logging to file /home/dejafu/github/functional-dojo/scala/.metals/metals.log[0m
2022.11.20 00:59:28 INFO  Started: Metals version 0.11.9 in workspace '/home/dejafu/github/functional-dojo/scala' for client Visual Studio Code 1.73.1.[0m
2022.11.20 00:59:30 INFO  time: initialize in 1.52s[0m
2022.11.20 00:59:30 WARN  Build server is not auto-connectable.[0m
2022.11.20 00:59:30 WARN  no build tool detected in workspace '/home/dejafu/github/functional-dojo/scala'. The most common cause for this problem is that the editor was opened in the wrong working directory, for example if you use sbt then the workspace directory should contain build.sbt. [0m
2022.11.20 00:59:30 WARN  no build target for: /home/dejafu/github/functional-dojo/scala/scala3/src/main/scala/Main.scala[0m
2022.11.20 00:59:32 INFO  no build target found for /home/dejafu/github/functional-dojo/scala/scala3/src/main/scala/Main.scala. Using presentation compiler with project's scala-library version: 3.2.0[0m
2022.11.20 00:59:34 INFO  time: code lens generation in 3.65s[0m
2022.11.20 01:00:01 WARN  no build target for: /home/dejafu/github/functional-dojo/scala/scala3/src/test/scala/MySuite.scala[0m
2022.11.20 01:00:03 WARN  no build target for: /home/dejafu/github/functional-dojo/scala/scala3/src/main/scala/Monad.scala[0m
2022.11.20 01:00:03 WARN  no build target for: /home/dejafu/github/functional-dojo/scala/scala3/src/main/scala/Main.scala[0m
2022.11.20 01:00:07 WARN  no build target for: /home/dejafu/github/functional-dojo/scala/scala3/src/main/scala/Main.scala[0m
2022.11.20 01:00:14 INFO  shutting down Metals[0m
2022.11.20 10:22:27 INFO  tracing is disabled for protocol LSP, to enable tracing of incoming and outgoing JSON messages create an empty file at /home/dejafu/github/functional-dojo/scala/.metals/lsp.trace.json or /home/dejafu/.cache/metals/lsp.trace.json[0m
2022.11.20 10:22:28 INFO  logging to file /home/dejafu/github/functional-dojo/scala/.metals/metals.log[0m
2022.11.20 10:22:28 INFO  Started: Metals version 0.11.9 in workspace '/home/dejafu/github/functional-dojo/scala' for client Visual Studio Code 1.73.1.[0m
2022.11.20 10:22:29 INFO  time: initialize in 1.7s[0m
2022.11.20 10:22:30 WARN  Build server is not auto-connectable.[0m
2022.11.20 10:22:30 WARN  no build tool detected in workspace '/home/dejafu/github/functional-dojo/scala'. The most common cause for this problem is that the editor was opened in the wrong working directory, for example if you use sbt then the workspace directory should contain build.sbt. [0m
2022.11.20 10:22:29 WARN  no build target for: /home/dejafu/github/functional-dojo/scala/scala3/src/main/scala/Main.scala[0m
Nov 20, 2022 10:22:30 AM org.eclipse.lsp4j.jsonrpc.RemoteEndpoint handleCancellation
WARNING: Unmatched cancel notification for request id 2
2022.11.20 10:22:35 INFO  no build target found for /home/dejafu/github/functional-dojo/scala/scala3/src/main/scala/Main.scala. Using presentation compiler with project's scala-library version: 3.2.0[0m
2022.11.20 10:22:37 INFO  time: code lens generation in 6.59s[0m
2022.11.20 10:22:37 INFO  time: code lens generation in 4.46s[0m
2022.11.20 10:22:37 INFO  time: code lens generation in 6.55s[0m
2022.11.20 10:22:37 INFO  time: code lens generation in 6.37s[0m
2022.11.20 10:22:50 WARN  no build target for: /home/dejafu/github/functional-dojo/scala/scala3/src/main/scala/Functor.scala[0m
Nov 20, 2022 10:22:51 AM org.eclipse.lsp4j.jsonrpc.services.GenericEndpoint notify
INFO: Unsupported notification method: $/setTrace
2022.11.20 10:22:52 WARN  no build target for: /home/dejafu/github/functional-dojo/scala/scala3/src/main/scala/Monad.scala[0m
2022.11.20 10:23:02 WARN  no build target for: /home/dejafu/github/functional-dojo/scala/scala3/src/main/scala/Main.scala[0m
2022.11.20 10:23:07 ERROR scalafmt: /home/dejafu/github/functional-dojo/scala/scala3/src/main/scala/Main.scala:11: error: [dialect scala213] expected start of definition
@main def main: Unit = {
      ^[0m
2022.11.20 10:23:25 WARN  no build target for: /home/dejafu/github/functional-dojo/scala/scala3/src/main/scala/Monad.scala[0m
2022.11.20 10:23:34 ERROR scalafmt: /home/dejafu/github/functional-dojo/scala/scala3/src/main/scala/Monad.scala:4: error: [dialect scala213] ; expected but : found
class Monad[A] private (val value: A) extends IsMonad[A]:
                                                        ^[0m
2022.11.20 10:23:36 ERROR scalafmt: /home/dejafu/github/functional-dojo/scala/scala3/src/main/scala/Monad.scala:4: error: [dialect scala213] ; expected but : found
class Monad[A] private (val value: A) extends IsMonad[A]:
                                                        ^[0m
2022.11.20 10:23:38 WARN  no build target for: /home/dejafu/github/functional-dojo/scala/scala3/src/main/scala/Monad.scala[0m
2022.11.20 10:23:38 WARN  no build target for: /home/dejafu/github/functional-dojo/scala/scala3/src/main/scala/Monad.scala[0m
2022.11.20 10:23:42 WARN  no build target for: /home/dejafu/github/functional-dojo/scala/scala3/src/main/scala/Main.scala[0m
2022.11.20 10:23:44 WARN  no build target for: /home/dejafu/github/functional-dojo/scala/scala3/src/main/scala/Functor.scala[0m
2022.11.20 10:24:02 ERROR scalafmt: /home/dejafu/github/functional-dojo/scala/scala3/src/main/scala/Functor.scala:6: error: [dialect scala213] ; expected but : found
class Functor[A] private (val value: A) extends IsFunctor[A]:
                                                            ^[0m
2022.11.20 10:26:15 WARN  no build target for: /home/dejafu/github/functional-dojo/scala/scala3/src/main/scala/Functor.scala[0m
2022.11.20 10:26:15 WARN  no build target for: /home/dejafu/github/functional-dojo/scala/scala3/src/main/scala/Functor.scala[0m
Nov 20, 2022 10:26:15 AM scala.meta.internal.pc.CompilerAccess handleError
SEVERE: bad parameter reference A at typer
the parameter is type A in trait IsFunctor but the prefix <noprefix>
does not define any corresponding arguments.
idx = 0, args = ,
constraint =  uninstantiated variables: 
 constrained types: 
 bounds: 
 ordering: 
dotty.tools.dotc.core.TypeError: bad parameter reference A at typer
the parameter is type A in trait IsFunctor but the prefix <noprefix>
does not define any corresponding arguments.
idx = 0, args = ,
constraint =  uninstantiated variables: 
 constrained types: 
 bounds: 
 ordering: 
	at dotty.tools.dotc.core.Types$NamedType.argDenot(Types.scala:2337)
	at dotty.tools.dotc.core.Types$NamedType.fromDesignator$1(Types.scala:2250)
	at dotty.tools.dotc.core.Types$NamedType.computeDenot(Types.scala:2268)
	at dotty.tools.dotc.core.Types$NamedType.denot(Types.scala:2223)
	at dotty.tools.dotc.core.Types$NamedType.info(Types.scala:2211)
	at dotty.tools.dotc.core.Types$Type.dealias1(Types.scala:1378)
	at dotty.tools.dotc.core.Types$Type.dealias(Types.scala:1402)
	at dotty.tools.dotc.core.Definitions.isTupleNType(Definitions.scala:1548)
	at dotty.tools.dotc.printing.RefinedPrinter.toTextFunction$1$$anonfun$1(RefinedPrinter.scala:148)
	at dotty.tools.dotc.printing.Printer.atPrec(Printer.scala:43)
	at dotty.tools.dotc.printing.Printer.changePrec(Printer.scala:72)
	at dotty.tools.dotc.printing.RefinedPrinter.toTextFunction$1(RefinedPrinter.scala:158)
	at dotty.tools.dotc.printing.RefinedPrinter.appliedText$1(RefinedPrinter.scala:223)
	at dotty.tools.dotc.printing.RefinedPrinter.toText$$anonfun$1(RefinedPrinter.scala:234)
	at dotty.tools.dotc.printing.MessageLimiter.controlled(MessageLimiter.scala:23)
	at dotty.tools.dotc.printing.PlainPrinter.controlled(PlainPrinter.scala:36)
	at dotty.tools.dotc.printing.RefinedPrinter.toText(RefinedPrinter.scala:300)
	at scala.meta.internal.pc.printer.DotcPrinter$Std.toText(DotcPrinter.scala:106)
	at scala.meta.internal.pc.printer.DotcPrinter$Std.tpe(DotcPrinter.scala:44)
	at scala.meta.internal.pc.printer.MetalsPrinter.tpe(MetalsPrinter.scala:76)
	at scala.meta.internal.pc.printer.MetalsPrinter.paramLabel(MetalsPrinter.scala:351)
	at scala.meta.internal.pc.printer.MetalsPrinter.$anonfun$3(MetalsPrinter.scala:184)
	at scala.collection.immutable.List.flatMap(List.scala:293)
	at scala.meta.internal.pc.printer.MetalsPrinter.label$1$$anonfun$1(MetalsPrinter.scala:187)
	at scala.collection.immutable.List.flatMap(List.scala:293)
	at scala.meta.internal.pc.printer.MetalsPrinter.label$1(MetalsPrinter.scala:192)
	at scala.meta.internal.pc.printer.MetalsPrinter.defaultMethodSignature(MetalsPrinter.scala:195)
	at scala.meta.internal.pc.printer.MetalsPrinter.hoverSymbol(MetalsPrinter.scala:102)
	at scala.meta.internal.pc.HoverProvider$.hover(HoverProvider.scala:101)

2022.11.20 10:26:15 WARN  no build target for: /home/dejafu/github/functional-dojo/scala/scala3/src/main/scala/Functor.scala[0m
2022.11.20 10:26:15 WARN  no build target for: /home/dejafu/github/functional-dojo/scala/scala3/src/main/scala/Functor.scala[0m
2022.11.20 10:26:53 WARN  no build target for: /home/dejafu/github/functional-dojo/scala/scala3/src/main/scala/Functor.scala[0m
2022.11.20 10:27:00 ERROR scalafmt: /home/dejafu/github/functional-dojo/scala/scala3/src/main/scala/Functor.scala:6: error: [dialect scala213] ; expected but : found
class Functor[A] private (val value: A) extends IsFunctor[A]:
                                                            ^[0m
2022.11.20 10:27:19 WARN  no build target for: /home/dejafu/github/functional-dojo/scala/scala3/src/main/scala/Functor.scala[0m
2022.11.20 10:27:34 ERROR scalafmt: /home/dejafu/github/functional-dojo/scala/scala3/src/main/scala/Functor.scala:11: error: [dialect scala213] ; expected but : found
class Functor[A] private (val value: A) extends IsFunctor[A]:
                                                            ^[0m
Nov 20, 2022 10:28:16 AM org.eclipse.lsp4j.jsonrpc.RemoteEndpoint handleCancellation
WARNING: Unmatched cancel notification for request id 306
2022.11.20 10:28:20 WARN  no build target for: /home/dejafu/github/functional-dojo/scala/scala3/src/main/scala/Functor.scala[0m
2022.11.20 10:28:24 ERROR scalafmt: /home/dejafu/github/functional-dojo/scala/scala3/src/main/scala/Functor.scala:11: error: [dialect scala213] ; expected but : found
class Functor[A] private (val value: A) extends IsFunctor[A]:
                                                            ^[0m
2022.11.20 10:28:56 WARN  no build target for: /home/dejafu/github/functional-dojo/scala/scala3/src/main/scala/Functor.scala[0m
2022.11.20 10:29:00 ERROR scalafmt: /home/dejafu/github/functional-dojo/scala/scala3/src/main/scala/Functor.scala:11: error: [dialect scala213] ; expected but : found
class Functor[A] private (val value: A) extends IsFunctor[A]:
                                                            ^[0m
2022.11.20 10:29:27 WARN  no build target for: /home/dejafu/github/functional-dojo/scala/scala3/src/main/scala/Functor.scala[0m
2022.11.20 10:29:29 ERROR scalafmt: /home/dejafu/github/functional-dojo/scala/scala3/src/main/scala/Functor.scala:3: error: [dialect scala213] illegal start of definition identifier
  */ is a very simple implementation of a functor.
     ^[0m
2022.11.20 10:29:31 WARN  no build target for: /home/dejafu/github/functional-dojo/scala/scala3/src/main/scala/Functor.scala[0m
2022.11.20 10:29:33 ERROR scalafmt: /home/dejafu/github/functional-dojo/scala/scala3/src/main/scala/Functor.scala:10: error: [dialect scala213] ; expected but : found
class Functor[A] private (val value: A) extends IsFunctor[A]:
                                                            ^[0m
2022.11.20 10:29:59 INFO  shutting down Metals[0m
